Traceback (most recent call last):
  File "/home/mike/anaconda2/envs/jupyterbook/lib/python3.10/site-packages/jupyter_cache/executors/utils.py", line 58, in single_nb_execution
    executenb(
  File "/home/mike/anaconda2/envs/jupyterbook/lib/python3.10/site-packages/nbclient/client.py", line 1319, in execute
    return NotebookClient(nb=nb, resources=resources, km=km, **kwargs).execute()
  File "/home/mike/.local/lib/python3.10/site-packages/jupyter_core/utils/__init__.py", line 173, in wrapped
    return loop.run_until_complete(inner)
  File "/home/mike/anaconda2/envs/jupyterbook/lib/python3.10/asyncio/base_events.py", line 646, in run_until_complete
    return future.result()
  File "/home/mike/anaconda2/envs/jupyterbook/lib/python3.10/site-packages/nbclient/client.py", line 709, in async_execute
    await self.async_execute_cell(
  File "/home/mike/anaconda2/envs/jupyterbook/lib/python3.10/site-packages/nbclient/client.py", line 1062, in async_execute_cell
    await self._check_raise_for_error(cell, cell_index, exec_reply)
  File "/home/mike/anaconda2/envs/jupyterbook/lib/python3.10/site-packages/nbclient/client.py", line 918, in _check_raise_for_error
    raise CellExecutionError.from_cell_and_msg(cell, exec_reply_content)
nbclient.exceptions.CellExecutionError: An error occurred while executing the following cell:
------------------
# Import packages
import pandas as pd
import plotly.express as px
import seaborn as sns
------------------

----- stderr -----
/home/mike/anaconda2/envs/jupyterbook/lib/python3.10/site-packages/seaborn/_statistics.py:32: UserWarning: A NumPy version >=1.22.4 and <1.29.0 is required for this version of SciPy (detected version 2.2.6)
  from scipy.stats import gaussian_kde
------------------

[0;31m---------------------------------------------------------------------------[0m
[0;31mValueError[0m                                Traceback (most recent call last)
Cell [0;32mIn[1], line 4[0m
[1;32m      2[0m [38;5;28;01mimport[39;00m[38;5;250m [39m[38;5;21;01mpandas[39;00m[38;5;250m [39m[38;5;28;01mas[39;00m[38;5;250m [39m[38;5;21;01mpd[39;00m
[1;32m      3[0m [38;5;28;01mimport[39;00m[38;5;250m [39m[38;5;21;01mplotly[39;00m[38;5;21;01m.[39;00m[38;5;21;01mexpress[39;00m[38;5;250m [39m[38;5;28;01mas[39;00m[38;5;250m [39m[38;5;21;01mpx[39;00m
[0;32m----> 4[0m [38;5;28;01mimport[39;00m[38;5;250m [39m[38;5;21;01mseaborn[39;00m[38;5;250m [39m[38;5;28;01mas[39;00m[38;5;250m [39m[38;5;21;01msns[39;00m

File [0;32m~/anaconda2/envs/jupyterbook/lib/python3.10/site-packages/seaborn/__init__.py:5[0m
[1;32m      3[0m [38;5;28;01mfrom[39;00m[38;5;250m [39m[38;5;21;01m.[39;00m[38;5;21;01mutils[39;00m[38;5;250m [39m[38;5;28;01mimport[39;00m [38;5;241m*[39m  [38;5;66;03m# noqa: F401,F403[39;00m
[1;32m      4[0m [38;5;28;01mfrom[39;00m[38;5;250m [39m[38;5;21;01m.[39;00m[38;5;21;01mpalettes[39;00m[38;5;250m [39m[38;5;28;01mimport[39;00m [38;5;241m*[39m  [38;5;66;03m# noqa: F401,F403[39;00m
[0;32m----> 5[0m [38;5;28;01mfrom[39;00m[38;5;250m [39m[38;5;21;01m.[39;00m[38;5;21;01mrelational[39;00m[38;5;250m [39m[38;5;28;01mimport[39;00m [38;5;241m*[39m  [38;5;66;03m# noqa: F401,F403[39;00m
[1;32m      6[0m [38;5;28;01mfrom[39;00m[38;5;250m [39m[38;5;21;01m.[39;00m[38;5;21;01mregression[39;00m[38;5;250m [39m[38;5;28;01mimport[39;00m [38;5;241m*[39m  [38;5;66;03m# noqa: F401,F403[39;00m
[1;32m      7[0m [38;5;28;01mfrom[39;00m[38;5;250m [39m[38;5;21;01m.[39;00m[38;5;21;01mcategorical[39;00m[38;5;250m [39m[38;5;28;01mimport[39;00m [38;5;241m*[39m  [38;5;66;03m# noqa: F401,F403[39;00m

File [0;32m~/anaconda2/envs/jupyterbook/lib/python3.10/site-packages/seaborn/relational.py:21[0m
[1;32m     13[0m [38;5;28;01mfrom[39;00m[38;5;250m [39m[38;5;21;01m.[39;00m[38;5;21;01mutils[39;00m[38;5;250m [39m[38;5;28;01mimport[39;00m (
[1;32m     14[0m     adjust_legend_subtitles,
[1;32m     15[0m     _default_color,
[0;32m   (...)[0m
[1;32m     18[0m     _scatter_legend_artist,
[1;32m     19[0m )
[1;32m     20[0m [38;5;28;01mfrom[39;00m[38;5;250m [39m[38;5;21;01m.[39;00m[38;5;21;01m_compat[39;00m[38;5;250m [39m[38;5;28;01mimport[39;00m groupby_apply_include_groups
[0;32m---> 21[0m [38;5;28;01mfrom[39;00m[38;5;250m [39m[38;5;21;01m.[39;00m[38;5;21;01m_statistics[39;00m[38;5;250m [39m[38;5;28;01mimport[39;00m EstimateAggregator, WeightedAggregator
[1;32m     22[0m [38;5;28;01mfrom[39;00m[38;5;250m [39m[38;5;21;01m.[39;00m[38;5;21;01maxisgrid[39;00m[38;5;250m [39m[38;5;28;01mimport[39;00m FacetGrid, _facet_docs
[1;32m     23[0m [38;5;28;01mfrom[39;00m[38;5;250m [39m[38;5;21;01m.[39;00m[38;5;21;01m_docstrings[39;00m[38;5;250m [39m[38;5;28;01mimport[39;00m DocstringComponents, _core_docs

File [0;32m~/anaconda2/envs/jupyterbook/lib/python3.10/site-packages/seaborn/_statistics.py:32[0m
[1;32m     30[0m [38;5;28;01mimport[39;00m[38;5;250m [39m[38;5;21;01mpandas[39;00m[38;5;250m [39m[38;5;28;01mas[39;00m[38;5;250m [39m[38;5;21;01mpd[39;00m
[1;32m     31[0m [38;5;28;01mtry[39;00m:
[0;32m---> 32[0m     [38;5;28;01mfrom[39;00m[38;5;250m [39m[38;5;21;01mscipy[39;00m[38;5;21;01m.[39;00m[38;5;21;01mstats[39;00m[38;5;250m [39m[38;5;28;01mimport[39;00m gaussian_kde
[1;32m     33[0m     _no_scipy [38;5;241m=[39m [38;5;28;01mFalse[39;00m
[1;32m     34[0m [38;5;28;01mexcept[39;00m [38;5;167;01mImportError[39;00m:

File [0;32m~/.local/lib/python3.10/site-packages/scipy/stats/__init__.py:605[0m
[1;32m      1[0m [38;5;124;03m"""[39;00m
[1;32m      2[0m [38;5;124;03m.. _statsrefmanual:[39;00m
[1;32m      3[0m 
[0;32m   (...)[0m
[1;32m    600[0m 
[1;32m    601[0m [38;5;124;03m"""[39;00m  [38;5;66;03m# noqa: E501[39;00m
[1;32m    603[0m [38;5;28;01mfrom[39;00m[38;5;250m [39m[38;5;21;01m.[39;00m[38;5;21;01m_warnings_errors[39;00m[38;5;250m [39m[38;5;28;01mimport[39;00m (ConstantInputWarning, NearConstantInputWarning,
[1;32m    604[0m                                DegenerateDataWarning, FitError)
[0;32m--> 605[0m [38;5;28;01mfrom[39;00m[38;5;250m [39m[38;5;21;01m.[39;00m[38;5;21;01m_stats_py[39;00m[38;5;250m [39m[38;5;28;01mimport[39;00m [38;5;241m*[39m
[1;32m    606[0m [38;5;28;01mfrom[39;00m[38;5;250m [39m[38;5;21;01m.[39;00m[38;5;21;01m_variation[39;00m[38;5;250m [39m[38;5;28;01mimport[39;00m variation
[1;32m    607[0m [38;5;28;01mfrom[39;00m[38;5;250m [39m[38;5;21;01m.[39;00m[38;5;21;01mdistributions[39;00m[38;5;250m [39m[38;5;28;01mimport[39;00m [38;5;241m*[39m

File [0;32m~/.local/lib/python3.10/site-packages/scipy/stats/_stats_py.py:37[0m
[1;32m     34[0m [38;5;28;01mimport[39;00m[38;5;250m [39m[38;5;21;01mnumpy[39;00m[38;5;250m [39m[38;5;28;01mas[39;00m[38;5;250m [39m[38;5;21;01mnp[39;00m
[1;32m     35[0m [38;5;28;01mfrom[39;00m[38;5;250m [39m[38;5;21;01mnumpy[39;00m[38;5;250m [39m[38;5;28;01mimport[39;00m array, asarray, ma
[0;32m---> 37[0m [38;5;28;01mfrom[39;00m[38;5;250m [39m[38;5;21;01mscipy[39;00m[38;5;21;01m.[39;00m[38;5;21;01mspatial[39;00m[38;5;21;01m.[39;00m[38;5;21;01mdistance[39;00m[38;5;250m [39m[38;5;28;01mimport[39;00m cdist
[1;32m     38[0m [38;5;28;01mfrom[39;00m[38;5;250m [39m[38;5;21;01mscipy[39;00m[38;5;21;01m.[39;00m[38;5;21;01mndimage[39;00m[38;5;250m [39m[38;5;28;01mimport[39;00m _measurements
[1;32m     39[0m [38;5;28;01mfrom[39;00m[38;5;250m [39m[38;5;21;01mscipy[39;00m[38;5;21;01m.[39;00m[38;5;21;01m_lib[39;00m[38;5;21;01m.[39;00m[38;5;21;01m_util[39;00m[38;5;250m [39m[38;5;28;01mimport[39;00m (check_random_state, MapWrapper, _get_nan,
[1;32m     40[0m                               rng_integers, _rename_parameter, _contains_nan,
[1;32m     41[0m                               AxisError)

File [0;32m~/.local/lib/python3.10/site-packages/scipy/spatial/__init__.py:110[0m
[1;32m      1[0m [38;5;124;03m"""[39;00m
[1;32m      2[0m [38;5;124;03m=============================================================[39;00m
[1;32m      3[0m [38;5;124;03mSpatial algorithms and data structures (:mod:`scipy.spatial`)[39;00m
[0;32m   (...)[0m
[1;32m    107[0m [38;5;124;03m   QhullError[39;00m
[1;32m    108[0m [38;5;124;03m"""[39;00m  [38;5;66;03m# noqa: E501[39;00m
[0;32m--> 110[0m [38;5;28;01mfrom[39;00m[38;5;250m [39m[38;5;21;01m.[39;00m[38;5;21;01m_kdtree[39;00m[38;5;250m [39m[38;5;28;01mimport[39;00m [38;5;241m*[39m
[1;32m    111[0m [38;5;28;01mfrom[39;00m[38;5;250m [39m[38;5;21;01m.[39;00m[38;5;21;01m_ckdtree[39;00m[38;5;250m [39m[38;5;28;01mimport[39;00m [38;5;241m*[39m
[1;32m    112[0m [38;5;28;01mfrom[39;00m[38;5;250m [39m[38;5;21;01m.[39;00m[38;5;21;01m_qhull[39;00m[38;5;250m [39m[38;5;28;01mimport[39;00m [38;5;241m*[39m

File [0;32m~/.local/lib/python3.10/site-packages/scipy/spatial/_kdtree.py:4[0m
[1;32m      1[0m [38;5;66;03m# Copyright Anne M. Archibald 2008[39;00m
[1;32m      2[0m [38;5;66;03m# Released under the scipy license[39;00m
[1;32m      3[0m [38;5;28;01mimport[39;00m[38;5;250m [39m[38;5;21;01mnumpy[39;00m[38;5;250m [39m[38;5;28;01mas[39;00m[38;5;250m [39m[38;5;21;01mnp[39;00m
[0;32m----> 4[0m [38;5;28;01mfrom[39;00m[38;5;250m [39m[38;5;21;01m.[39;00m[38;5;21;01m_ckdtree[39;00m[38;5;250m [39m[38;5;28;01mimport[39;00m cKDTree, cKDTreeNode
[1;32m      6[0m __all__ [38;5;241m=[39m [[38;5;124m'[39m[38;5;124mminkowski_distance_p[39m[38;5;124m'[39m, [38;5;124m'[39m[38;5;124mminkowski_distance[39m[38;5;124m'[39m,
[1;32m      7[0m            [38;5;124m'[39m[38;5;124mdistance_matrix[39m[38;5;124m'[39m,
[1;32m      8[0m            [38;5;124m'[39m[38;5;124mRectangle[39m[38;5;124m'[39m, [38;5;124m'[39m[38;5;124mKDTree[39m[38;5;124m'[39m]
[1;32m     11[0m [38;5;28;01mdef[39;00m[38;5;250m [39m[38;5;21mminkowski_distance_p[39m(x, y, p[38;5;241m=[39m[38;5;241m2[39m):

File [0;32m_ckdtree.pyx:1[0m, in [0;36minit scipy.spatial._ckdtree[0;34m()[0m

[0;31mValueError[0m: numpy.dtype size changed, may indicate binary incompatibility. Expected 96 from C header, got 88 from PyObject

